\BOOKMARK [0][-]{dummy.2}{\376\377\000C\000a\000n\000d\000i\000d\000a\000t\000e\000'\000s\000\040\000D\000e\000c\000l\000a\000r\000a\000t\000i\000o\000n}{}% 1
\BOOKMARK [0][-]{dummy.4}{\376\377\000A\000b\000s\000t\000r\000a\000c\000t}{}% 2
\BOOKMARK [0][-]{dummy.6}{\376\377\000A\000c\000k\000n\000o\000w\000l\000e\000d\000g\000e\000m\000e\000n\000t}{}% 3
\BOOKMARK [0][-]{dummy.8}{\376\377\000L\000i\000s\000t\000\040\000o\000f\000\040\000F\000i\000g\000u\000r\000e\000s}{}% 4
\BOOKMARK [0][-]{dummy.10}{\376\377\000L\000i\000s\000t\000\040\000o\000f\000\040\000T\000a\000b\000l\000e\000s}{}% 5
\BOOKMARK [0][-]{dummy.12}{\376\377\000L\000i\000s\000t\000\040\000o\000f\000\040\000A\000b\000b\000r\000e\000v\000i\000a\000t\000i\000o\000n\000s}{}% 6
\BOOKMARK [0][-]{chapter.15}{\376\377\0001\000\040\000I\000n\000t\000r\000o\000d\000u\000c\000t\000i\000o\000n\000\040\000t\000o\000\040\000P\000r\000o\000j\000e\000c\000t}{}% 7
\BOOKMARK [1][-]{section.16}{\376\377\0001\000.\0001\000\040\000O\000v\000e\000r\000v\000i\000e\000w}{chapter.15}% 8
\BOOKMARK [1][-]{section.17}{\376\377\0001\000.\0002\000\040\000E\000x\000i\000t\000s\000i\000n\000g\000\040\000S\000y\000s\000t\000e\000m}{chapter.15}% 9
\BOOKMARK [1][-]{section.18}{\376\377\0001\000.\0003\000\040\000F\000u\000n\000c\000t\000i\000o\000n\000a\000l\000\040\000R\000e\000q\000u\000i\000r\000e\000m\000e\000n\000t\000s}{chapter.15}% 10
\BOOKMARK [1][-]{section.19}{\376\377\0001\000.\0004\000\040\000F\000e\000a\000s\000i\000b\000i\000l\000i\000t\000y\000\040\000S\000t\000u\000d\000y}{chapter.15}% 11
\BOOKMARK [1][-]{section.25}{\376\377\0001\000.\0005\000\040\000O\000b\000j\000e\000c\000t\000i\000v\000e\000s\000\040\000o\000f\000\040\000t\000h\000e\000\040\000P\000r\000o\000j\000e\000c\000t\000\040}{chapter.15}% 12
\BOOKMARK [0][-]{chapter.26}{\376\377\0002\000\040\000P\000r\000o\000d\000u\000c\000t\000\040\000D\000e\000s\000i\000g\000n}{}% 13
\BOOKMARK [1][-]{section.27}{\376\377\0002\000.\0001\000\040\000P\000r\000o\000d\000u\000c\000t\000\040\000P\000e\000r\000s\000p\000e\000c\000t\000i\000v\000e}{chapter.26}% 14
\BOOKMARK [1][-]{section.28}{\376\377\0002\000.\0002\000\040\000T\000a\000b\000l\000e\000\040\000S\000t\000r\000u\000c\000t\000u\000r\000e}{chapter.26}% 15
\BOOKMARK [1][-]{section.36}{\376\377\0002\000.\0003\000\040\000E\000-\000R\000\040\000M\000O\000d\000e\000l}{chapter.26}% 16
\BOOKMARK [1][-]{section.38}{\376\377\0002\000.\0004\000\040\000S\000p\000e\000c\000i\000f\000i\000c\000\040\000R\000e\000q\000u\000i\000r\000e\000m\000e\000n\000t\000s}{chapter.26}% 17
\BOOKMARK [0][-]{chapter.39}{\376\377\0003\000\040\000D\000e\000v\000e\000l\000o\000p\000m\000e\000n\000t\000\040\000a\000n\000d\000\040\000I\000m\000p\000l\000e\000m\000e\000n\000t\000a\000t\000i\000o\000n}{}% 18
\BOOKMARK [1][-]{section.40}{\376\377\0003\000.\0001\000\040\000D\000a\000t\000a\000\040\000I\000m\000p\000o\000r\000t\000i\000n\000g}{chapter.39}% 19
\BOOKMARK [1][-]{section.41}{\376\377\0003\000.\0002\000\040\000I\000n\000t\000r\000o\000d\000u\000c\000t\000i\000o\000n\000\040\000t\000o\000\040\000L\000a\000n\000g\000u\000a\000g\000e}{chapter.39}% 20
\BOOKMARK [1][-]{section.42}{\376\377\0003\000.\0003\000\040\000I\000m\000p\000l\000e\000m\000e\000n\000t\000a\000t\000i\000o\000n\000\040\000w\000i\000t\000h\000\040\000S\000c\000r\000e\000e\000n\000S\000h\000o\000t\000s}{chapter.39}% 21
\BOOKMARK [0][-]{chapter.49}{\376\377\0004\000\040\000C\000o\000n\000c\000l\000u\000s\000i\000o\000n\000\040\000a\000n\000d\000\040\000F\000u\000t\000u\000r\000e\000\040\000S\000c\000o\000p\000e}{}% 22
\BOOKMARK [1][-]{section.50}{\376\377\0004\000.\0001\000\040\000C\000o\000n\000c\000l\000u\000s\000i\000o\000n}{chapter.49}% 23
\BOOKMARK [1][-]{section.51}{\376\377\0004\000.\0002\000\040\000F\000u\000t\000u\000r\000e\000\040\000S\000c\000o\000p\000e}{chapter.49}% 24
\BOOKMARK [0][-]{chapter.52}{\376\377\0005\000\040\000R\000e\000f\000r\000e\000n\000c\000e\000s}{}% 25
